[2018-12-09 15:53:06.298] [sharedprocess] [info] main {"machineId":"1bba790a473010e77512c8d683c7c6ef766c7f14ff5893ea3f1e0aad9df661dd"}
[2018-12-09 15:53:06.337] [sharedprocess] [info] Scanned user extensions: 7
[2018-12-09 15:53:06.356] [sharedprocess] [info] Scanned user extensions: 7
[2018-12-09 15:53:06.359] [sharedprocess] [info] Scanned user extensions: 7
[2018-12-09 15:53:06.369] [sharedprocess] [info] Scanned user extensions: 7
[2018-12-09 15:53:07.329] [sharedprocess] [info] Scanned system extensions: 71
[2018-12-09 15:53:07.331] [sharedprocess] [info] Scanned system extensions: 71
[2018-12-09 15:53:07.334] [sharedprocess] [info] Deleted from disk ms-python.python-2018.10.1
[2018-12-09 15:53:46.301] [sharedprocess] [info] Starting to clean up unused language packs.
[2018-12-09 15:54:00.205] [sharedprocess] [info] Scanned user extensions: 7
[2018-12-09 15:54:00.306] [sharedprocess] [info] Scanned user extensions: 7
[2018-12-09 15:54:00.311] [sharedprocess] [info] Scanned user extensions: 7
[2018-12-09 15:54:00.316] [sharedprocess] [info] Scanned user extensions: 7
[2018-12-09 15:54:00.395] [sharedprocess] [info] Scanned system extensions: 71
[2018-12-09 15:54:00.397] [sharedprocess] [info] Scanned system extensions: 71
[2018-12-09 15:54:00.400] [sharedprocess] [info] Scanned system extensions: 71
[2018-12-09 15:55:31.012] [sharedprocess] [info] Scanned user extensions: 7
[2018-12-09 15:55:31.015] [sharedprocess] [info] Scanned user extensions: 7
[2018-12-09 15:55:31.025] [sharedprocess] [info] Scanned user extensions: 7
[2018-12-09 15:55:31.076] [sharedprocess] [info] Scanned system extensions: 71
[2018-12-09 15:55:31.078] [sharedprocess] [info] Scanned system extensions: 71
[2018-12-09 15:55:31.080] [sharedprocess] [info] Scanned system extensions: 71
[2018-12-09 15:55:47.326] [sharedprocess] [info] Scanned user extensions: 7
[2018-12-09 15:55:47.338] [sharedprocess] [info] Scanned user extensions: 7
[2018-12-09 15:55:47.348] [sharedprocess] [info] Scanned user extensions: 7
[2018-12-09 15:55:47.449] [sharedprocess] [info] Scanned system extensions: 71
[2018-12-09 15:55:47.451] [sharedprocess] [info] Scanned system extensions: 71
[2018-12-09 15:55:47.454] [sharedprocess] [info] Scanned system extensions: 71
[2018-12-09 15:58:06.388] [sharedprocess] [info] Scanned user extensions: 7
