[2019-01-09 11:39:40.353] [exthost] [info] extension host started
[2019-01-09 11:39:40.413] [exthost] [info] ExtensionService#_doActivateExtension vscode.debug-auto-launch {"startup":true,"activationEvent":"*"}
[2019-01-09 11:39:40.413] [exthost] [info] ExtensionService#loadCommonJSModule /usr/lib/code/extensions/debug-auto-launch/dist/extension
[2019-01-09 11:39:40.418] [exthost] [info] ExtensionService#_doActivateExtension vscode.emmet {"startup":true,"activationEvent":"*"}
[2019-01-09 11:39:40.418] [exthost] [info] ExtensionService#loadCommonJSModule /usr/lib/code/extensions/emmet/dist/extension
[2019-01-09 11:39:40.435] [exthost] [info] ExtensionService#_doActivateExtension vscode.git {"startup":true,"activationEvent":"*"}
[2019-01-09 11:39:40.435] [exthost] [info] ExtensionService#loadCommonJSModule /usr/lib/code/extensions/git/dist/main
[2019-01-09 11:39:40.524] [exthost] [info] ExtensionService#_doActivateExtension vscode.merge-conflict {"startup":true,"activationEvent":"*"}
[2019-01-09 11:39:40.525] [exthost] [info] ExtensionService#loadCommonJSModule /usr/lib/code/extensions/merge-conflict/dist/extension
[2019-01-09 11:39:40.530] [exthost] [info] ExtensionService#_doActivateExtension vscode.python {"startup":false,"activationEvent":"onLanguage:python"}
[2019-01-09 11:39:40.530] [exthost] [info] ExtensionService#loadCommonJSModule /usr/lib/code/extensions/python/out/pythonMain
[2019-01-09 11:39:40.531] [exthost] [info] ExtensionService#_doActivateExtension batisteo.vscode-django {"startup":false,"activationEvent":"onLanguage:python"}
[2019-01-09 11:39:40.531] [exthost] [info] ExtensionService#loadCommonJSModule /home/aaron/.vscode-oss/extensions/batisteo.vscode-django-0.17.0/out/extension
[2019-01-09 11:39:40.541] [exthost] [info] ExtensionService#_doActivateExtension donjayamanne.jupyter {"startup":false,"activationEvent":"onLanguage:python"}
[2019-01-09 11:39:40.541] [exthost] [info] ExtensionService#loadCommonJSModule /home/aaron/.vscode-oss/extensions/donjayamanne.jupyter-1.1.4/out/src/extension
[2019-01-09 11:39:40.973] [exthost] [info] ExtensionService#_doActivateExtension ms-python.python {"startup":false,"activationEvent":"onLanguage:python"}
[2019-01-09 11:39:40.973] [exthost] [info] ExtensionService#loadCommonJSModule /home/aaron/.vscode-oss/extensions/ms-python.python-2018.12.1/out/client/extension
[2019-01-09 11:39:41.331] [exthost] [info] ExtensionService#_doActivateExtension VisualStudioExptTeam.vscodeintellicode {"startup":false,"activationEvent":"onLanguage:python"}
[2019-01-09 11:39:41.331] [exthost] [info] ExtensionService#loadCommonJSModule /home/aaron/.vscode-oss/extensions/visualstudioexptteam.vscodeintellicode-1.1.2/out/extension
[2019-01-09 11:39:41.637] [exthost] [info] eager extensions activated
