[2019-01-09 11:40:04.061] [exthost] [info] extension host started
[2019-01-09 11:40:04.138] [exthost] [info] ExtensionService#_doActivateExtension vscode.debug-auto-launch {"startup":true,"activationEvent":"*"}
[2019-01-09 11:40:04.138] [exthost] [info] ExtensionService#loadCommonJSModule /usr/lib/code/extensions/debug-auto-launch/dist/extension
[2019-01-09 11:40:04.143] [exthost] [info] ExtensionService#_doActivateExtension vscode.emmet {"startup":true,"activationEvent":"*"}
[2019-01-09 11:40:04.143] [exthost] [info] ExtensionService#loadCommonJSModule /usr/lib/code/extensions/emmet/dist/extension
[2019-01-09 11:40:04.172] [exthost] [info] ExtensionService#_doActivateExtension vscode.git {"startup":true,"activationEvent":"*"}
[2019-01-09 11:40:04.172] [exthost] [info] ExtensionService#loadCommonJSModule /usr/lib/code/extensions/git/dist/main
[2019-01-09 11:40:04.290] [exthost] [info] ExtensionService#_doActivateExtension vscode.merge-conflict {"startup":true,"activationEvent":"*"}
[2019-01-09 11:40:04.290] [exthost] [info] ExtensionService#loadCommonJSModule /usr/lib/code/extensions/merge-conflict/dist/extension
[2019-01-09 11:40:04.296] [exthost] [info] ExtensionService#_doActivateExtension vscode.python {"startup":false,"activationEvent":"onLanguage:python"}
[2019-01-09 11:40:04.296] [exthost] [info] ExtensionService#loadCommonJSModule /usr/lib/code/extensions/python/out/pythonMain
[2019-01-09 11:40:04.296] [exthost] [info] ExtensionService#_doActivateExtension batisteo.vscode-django {"startup":false,"activationEvent":"onLanguage:python"}
[2019-01-09 11:40:04.296] [exthost] [info] ExtensionService#loadCommonJSModule /home/aaron/.vscode-oss/extensions/batisteo.vscode-django-0.17.0/out/extension
[2019-01-09 11:40:04.306] [exthost] [info] ExtensionService#_doActivateExtension donjayamanne.jupyter {"startup":false,"activationEvent":"onLanguage:python"}
[2019-01-09 11:40:04.306] [exthost] [info] ExtensionService#loadCommonJSModule /home/aaron/.vscode-oss/extensions/donjayamanne.jupyter-1.1.4/out/src/extension
[2019-01-09 11:40:04.741] [exthost] [info] ExtensionService#_doActivateExtension ms-python.python {"startup":false,"activationEvent":"onLanguage:python"}
[2019-01-09 11:40:04.741] [exthost] [info] ExtensionService#loadCommonJSModule /home/aaron/.vscode-oss/extensions/ms-python.python-2018.12.1/out/client/extension
[2019-01-09 11:40:05.123] [exthost] [info] ExtensionService#_doActivateExtension VisualStudioExptTeam.vscodeintellicode {"startup":false,"activationEvent":"onLanguage:python"}
[2019-01-09 11:40:05.124] [exthost] [info] ExtensionService#loadCommonJSModule /home/aaron/.vscode-oss/extensions/visualstudioexptteam.vscodeintellicode-1.1.2/out/extension
[2019-01-09 11:40:05.371] [exthost] [info] eager extensions activated
