[2018-12-09 15:53:05.173] [exthost] [info] extension host started
[2018-12-09 15:53:05.203] [exthost] [info] ExtensionService#_doActivateExtension vscode.debug-auto-launch {"startup":true,"activationEvent":"*"}
[2018-12-09 15:53:05.203] [exthost] [info] ExtensionService#loadCommonJSModule /usr/lib/code/extensions/debug-auto-launch/dist/extension
[2018-12-09 15:53:05.209] [exthost] [info] ExtensionService#_doActivateExtension vscode.emmet {"startup":true,"activationEvent":"*"}
[2018-12-09 15:53:05.210] [exthost] [info] ExtensionService#loadCommonJSModule /usr/lib/code/extensions/emmet/dist/extension
[2018-12-09 15:53:05.233] [exthost] [info] ExtensionService#_doActivateExtension vscode.git {"startup":true,"activationEvent":"*"}
[2018-12-09 15:53:05.233] [exthost] [info] ExtensionService#loadCommonJSModule /usr/lib/code/extensions/git/dist/main
[2018-12-09 15:53:05.358] [exthost] [info] ExtensionService#_doActivateExtension vscode.merge-conflict {"startup":true,"activationEvent":"*"}
[2018-12-09 15:53:05.358] [exthost] [info] ExtensionService#loadCommonJSModule /usr/lib/code/extensions/merge-conflict/dist/extension
[2018-12-09 15:53:05.368] [exthost] [info] eager extensions activated
[2018-12-09 15:53:23.284] [exthost] [info] ExtensionService#_doActivateExtension vscode.python {"startup":false,"activationEvent":"onLanguage:python"}
[2018-12-09 15:53:23.284] [exthost] [info] ExtensionService#loadCommonJSModule /usr/lib/code/extensions/python/out/pythonMain
[2018-12-09 15:53:23.285] [exthost] [info] ExtensionService#_doActivateExtension batisteo.vscode-django {"startup":false,"activationEvent":"onLanguage:python"}
[2018-12-09 15:53:23.285] [exthost] [info] ExtensionService#loadCommonJSModule /home/aaron/.vscode-oss/extensions/batisteo.vscode-django-0.17.0/out/extension
[2018-12-09 15:53:23.301] [exthost] [info] ExtensionService#_doActivateExtension donjayamanne.jupyter {"startup":false,"activationEvent":"onLanguage:python"}
[2018-12-09 15:53:23.301] [exthost] [info] ExtensionService#loadCommonJSModule /home/aaron/.vscode-oss/extensions/donjayamanne.jupyter-1.1.4/out/src/extension
[2018-12-09 15:53:23.836] [exthost] [info] ExtensionService#_doActivateExtension ms-python.python {"startup":false,"activationEvent":"onLanguage:python"}
[2018-12-09 15:53:23.836] [exthost] [info] ExtensionService#loadCommonJSModule /home/aaron/.vscode-oss/extensions/ms-python.python-2018.11.0/out/client/extension
[2018-12-09 15:53:24.293] [exthost] [info] ExtensionService#_doActivateExtension VisualStudioExptTeam.vscodeintellicode {"startup":false,"activationEvent":"onLanguage:python"}
[2018-12-09 15:53:24.293] [exthost] [info] ExtensionService#loadCommonJSModule /home/aaron/.vscode-oss/extensions/visualstudioexptteam.vscodeintellicode-1.1.0/out/extension
