[2019-01-09 10:23:54.900] [exthost] [info] extension host started
[2019-01-09 10:23:55.479] [exthost] [info] ExtensionService#_doActivateExtension vscode.debug-auto-launch {"startup":true,"activationEvent":"*"}
[2019-01-09 10:23:55.479] [exthost] [info] ExtensionService#loadCommonJSModule /usr/lib/code/extensions/debug-auto-launch/dist/extension
[2019-01-09 10:23:55.598] [exthost] [info] ExtensionService#_doActivateExtension vscode.emmet {"startup":true,"activationEvent":"*"}
[2019-01-09 10:23:55.598] [exthost] [info] ExtensionService#loadCommonJSModule /usr/lib/code/extensions/emmet/dist/extension
[2019-01-09 10:23:55.652] [exthost] [info] ExtensionService#_doActivateExtension vscode.git {"startup":true,"activationEvent":"*"}
[2019-01-09 10:23:55.652] [exthost] [info] ExtensionService#loadCommonJSModule /usr/lib/code/extensions/git/dist/main
[2019-01-09 10:23:56.033] [exthost] [info] ExtensionService#_doActivateExtension vscode.merge-conflict {"startup":true,"activationEvent":"*"}
[2019-01-09 10:23:56.033] [exthost] [info] ExtensionService#loadCommonJSModule /usr/lib/code/extensions/merge-conflict/dist/extension
[2019-01-09 10:23:56.086] [exthost] [info] ExtensionService#_doActivateExtension vscode.python {"startup":false,"activationEvent":"onLanguage:python"}
[2019-01-09 10:23:56.086] [exthost] [info] ExtensionService#loadCommonJSModule /usr/lib/code/extensions/python/out/pythonMain
[2019-01-09 10:23:56.101] [exthost] [info] ExtensionService#_doActivateExtension batisteo.vscode-django {"startup":false,"activationEvent":"onLanguage:python"}
[2019-01-09 10:23:56.101] [exthost] [info] ExtensionService#loadCommonJSModule /home/aaron/.vscode-oss/extensions/batisteo.vscode-django-0.17.0/out/extension
[2019-01-09 10:23:56.235] [exthost] [info] ExtensionService#_doActivateExtension donjayamanne.jupyter {"startup":false,"activationEvent":"onLanguage:python"}
[2019-01-09 10:23:56.235] [exthost] [info] ExtensionService#loadCommonJSModule /home/aaron/.vscode-oss/extensions/donjayamanne.jupyter-1.1.4/out/src/extension
[2019-01-09 10:23:59.680] [exthost] [info] ExtensionService#_doActivateExtension ms-python.python {"startup":false,"activationEvent":"onLanguage:python"}
[2019-01-09 10:23:59.680] [exthost] [info] ExtensionService#loadCommonJSModule /home/aaron/.vscode-oss/extensions/ms-python.python-2018.11.0/out/client/extension
[2019-01-09 10:24:00.272] [exthost] [info] ExtensionService#_doActivateExtension VisualStudioExptTeam.vscodeintellicode {"startup":false,"activationEvent":"onLanguage:python"}
[2019-01-09 10:24:00.272] [exthost] [info] ExtensionService#loadCommonJSModule /home/aaron/.vscode-oss/extensions/visualstudioexptteam.vscodeintellicode-1.1.0/out/extension
[2019-01-09 10:24:02.971] [exthost] [info] eager extensions activated
[2019-01-09 10:24:19.080] [exthost] [error] [ms-python.python] provider FAILED
[2019-01-09 10:24:19.080] [exthost] [error] TypeError: Cannot read property 'map' of undefined
	at asCompletionResult (/home/aaron/.vscode-oss/extensions/ms-python.python-2018.11.0/out/client/extension.js:83:93433)
	at <anonymous>
[2019-01-09 10:24:27.419] [exthost] [info] ExtensionService#_doActivateExtension vscode.configuration-editing {"startup":false,"activationEvent":"onLanguage:jsonc"}
[2019-01-09 10:24:27.420] [exthost] [info] ExtensionService#loadCommonJSModule /usr/lib/code/extensions/configuration-editing/dist/extension
[2019-01-09 10:24:27.532] [exthost] [info] ExtensionService#_doActivateExtension vscode.json-language-features {"startup":false,"activationEvent":"onLanguage:jsonc"}
[2019-01-09 10:24:27.533] [exthost] [info] ExtensionService#loadCommonJSModule /usr/lib/code/extensions/json-language-features/client/dist/jsonMain
[2019-01-09 10:24:27.886] [exthost] [info] ExtensionService#_doActivateExtension vscode.typescript-language-features {"startup":false,"activationEvent":"onLanguage:jsonc"}
[2019-01-09 10:24:27.886] [exthost] [info] ExtensionService#loadCommonJSModule /usr/lib/code/extensions/typescript-language-features/dist/extension
[2019-01-09 11:34:31.340] [exthost] [error] [ms-python.python] provider FAILED
[2019-01-09 11:34:31.340] [exthost] [error] TypeError: Cannot read property 'map' of undefined
	at asCompletionResult (/home/aaron/.vscode-oss/extensions/ms-python.python-2018.11.0/out/client/extension.js:83:93433)
	at <anonymous>
[2019-01-09 11:34:34.092] [exthost] [error] [ms-python.python] provider FAILED
[2019-01-09 11:34:34.092] [exthost] [error] TypeError: Cannot read property 'map' of undefined
	at asCompletionResult (/home/aaron/.vscode-oss/extensions/ms-python.python-2018.11.0/out/client/extension.js:83:93433)
	at <anonymous>
[2019-01-09 11:34:34.240] [exthost] [error] [ms-python.python] provider FAILED
[2019-01-09 11:34:34.240] [exthost] [error] TypeError: Cannot read property 'map' of undefined
	at asCompletionResult (/home/aaron/.vscode-oss/extensions/ms-python.python-2018.11.0/out/client/extension.js:83:93433)
	at <anonymous>
[2019-01-09 11:34:34.453] [exthost] [error] [ms-python.python] provider FAILED
[2019-01-09 11:34:34.453] [exthost] [error] TypeError: Cannot read property 'map' of undefined
	at asCompletionResult (/home/aaron/.vscode-oss/extensions/ms-python.python-2018.11.0/out/client/extension.js:83:93433)
	at <anonymous>
[2019-01-09 11:34:34.651] [exthost] [error] [ms-python.python] provider FAILED
[2019-01-09 11:34:34.652] [exthost] [error] TypeError: Cannot read property 'map' of undefined
	at asCompletionResult (/home/aaron/.vscode-oss/extensions/ms-python.python-2018.11.0/out/client/extension.js:83:93433)
	at <anonymous>
[2019-01-09 11:34:34.895] [exthost] [error] [ms-python.python] provider FAILED
[2019-01-09 11:34:34.895] [exthost] [error] TypeError: Cannot read property 'map' of undefined
	at asCompletionResult (/home/aaron/.vscode-oss/extensions/ms-python.python-2018.11.0/out/client/extension.js:83:93433)
	at <anonymous>
[2019-01-09 11:34:35.411] [exthost] [error] [ms-python.python] provider FAILED
[2019-01-09 11:34:35.411] [exthost] [error] TypeError: Cannot read property 'map' of undefined
	at asCompletionResult (/home/aaron/.vscode-oss/extensions/ms-python.python-2018.11.0/out/client/extension.js:83:93433)
	at <anonymous>
[2019-01-09 11:34:35.586] [exthost] [error] [ms-python.python] provider FAILED
[2019-01-09 11:34:35.587] [exthost] [error] TypeError: Cannot read property 'map' of undefined
	at asCompletionResult (/home/aaron/.vscode-oss/extensions/ms-python.python-2018.11.0/out/client/extension.js:83:93433)
	at <anonymous>
[2019-01-09 11:34:37.081] [exthost] [error] [ms-python.python] provider FAILED
[2019-01-09 11:34:37.081] [exthost] [error] TypeError: Cannot read property 'map' of undefined
	at asCompletionResult (/home/aaron/.vscode-oss/extensions/ms-python.python-2018.11.0/out/client/extension.js:83:93433)
	at <anonymous>
[2019-01-09 11:34:44.179] [exthost] [error] [ms-python.python] provider FAILED
[2019-01-09 11:34:44.179] [exthost] [error] TypeError: Cannot read property 'map' of undefined
	at asCompletionResult (/home/aaron/.vscode-oss/extensions/ms-python.python-2018.11.0/out/client/extension.js:83:93433)
	at <anonymous>
[2019-01-09 11:34:46.700] [exthost] [error] [ms-python.python] provider FAILED
[2019-01-09 11:34:46.700] [exthost] [error] TypeError: Cannot read property 'map' of undefined
	at asCompletionResult (/home/aaron/.vscode-oss/extensions/ms-python.python-2018.11.0/out/client/extension.js:83:93433)
	at <anonymous>
[2019-01-09 11:34:49.360] [exthost] [error] [ms-python.python] provider FAILED
[2019-01-09 11:34:49.360] [exthost] [error] TypeError: Cannot read property 'map' of undefined
	at asCompletionResult (/home/aaron/.vscode-oss/extensions/ms-python.python-2018.11.0/out/client/extension.js:83:93433)
	at <anonymous>
[2019-01-09 11:34:49.807] [exthost] [error] [ms-python.python] provider FAILED
[2019-01-09 11:34:49.807] [exthost] [error] TypeError: Cannot read property 'map' of undefined
	at asCompletionResult (/home/aaron/.vscode-oss/extensions/ms-python.python-2018.11.0/out/client/extension.js:83:93433)
	at <anonymous>
[2019-01-09 11:34:49.965] [exthost] [error] [ms-python.python] provider FAILED
[2019-01-09 11:34:49.965] [exthost] [error] TypeError: Cannot read property 'map' of undefined
	at asCompletionResult (/home/aaron/.vscode-oss/extensions/ms-python.python-2018.11.0/out/client/extension.js:83:93433)
	at <anonymous>
[2019-01-09 11:34:50.363] [exthost] [error] [ms-python.python] provider FAILED
[2019-01-09 11:34:50.364] [exthost] [error] TypeError: Cannot read property 'map' of undefined
	at asCompletionResult (/home/aaron/.vscode-oss/extensions/ms-python.python-2018.11.0/out/client/extension.js:83:93433)
	at <anonymous>
[2019-01-09 11:34:50.770] [exthost] [error] [ms-python.python] provider FAILED
[2019-01-09 11:34:50.770] [exthost] [error] TypeError: Cannot read property 'map' of undefined
	at asCompletionResult (/home/aaron/.vscode-oss/extensions/ms-python.python-2018.11.0/out/client/extension.js:83:93433)
	at <anonymous>
[2019-01-09 11:34:58.457] [exthost] [error] [ms-python.python] provider FAILED
[2019-01-09 11:34:58.458] [exthost] [error] TypeError: Cannot read property 'map' of undefined
	at asCompletionResult (/home/aaron/.vscode-oss/extensions/ms-python.python-2018.11.0/out/client/extension.js:83:93433)
	at <anonymous>
[2019-01-09 11:35:00.091] [exthost] [error] [ms-python.python] provider FAILED
[2019-01-09 11:35:00.091] [exthost] [error] TypeError: Cannot read property 'map' of undefined
	at asCompletionResult (/home/aaron/.vscode-oss/extensions/ms-python.python-2018.11.0/out/client/extension.js:83:93433)
	at <anonymous>
[2019-01-09 11:37:28.103] [exthost] [error] [ms-python.python] provider FAILED
[2019-01-09 11:37:28.103] [exthost] [error] TypeError: Cannot read property 'map' of undefined
	at asCompletionResult (/home/aaron/.vscode-oss/extensions/ms-python.python-2018.11.0/out/client/extension.js:83:93433)
	at <anonymous>
