[2019-01-09 10:23:54.001] [renderer1] [info] no standard startup: panel is active
[2019-01-09 10:24:03.410] [renderer1] [warning] UNRESPONSIVE extension host, 'VisualStudioExptTeam.vscodeintellicode' took 74% of 3585.42ms, saved PROFILE here: '/tmp/exthost-5c69d8.cpuprofile' [{"id":"donjayamanne.jupyter","total":253353,"percentage":7},{"id":"gc","total":47173,"percentage":1},{"id":"ms-python.python","total":159733,"percentage":4},{"id":"program","total":7606,"percentage":0},{"id":"self","total":445748,"percentage":12},{"id":"VisualStudioExptTeam.vscodeintellicode","total":2663446,"percentage":74}]
[2019-01-09 10:24:19.080] [renderer1] [error] Cannot read property 'map' of undefined: TypeError: Cannot read property 'map' of undefined
	at asCompletionResult (/home/aaron/.vscode-oss/extensions/ms-python.python-2018.11.0/out/client/extension.js:83:93433)
	at <anonymous>
[2019-01-09 11:34:31.347] [renderer1] [error] Cannot read property 'map' of undefined: TypeError: Cannot read property 'map' of undefined
	at asCompletionResult (/home/aaron/.vscode-oss/extensions/ms-python.python-2018.11.0/out/client/extension.js:83:93433)
	at <anonymous>
[2019-01-09 11:34:34.093] [renderer1] [error] Cannot read property 'map' of undefined: TypeError: Cannot read property 'map' of undefined
	at asCompletionResult (/home/aaron/.vscode-oss/extensions/ms-python.python-2018.11.0/out/client/extension.js:83:93433)
	at <anonymous>
[2019-01-09 11:34:35.415] [renderer1] [error] Cannot read property 'map' of undefined: TypeError: Cannot read property 'map' of undefined
	at asCompletionResult (/home/aaron/.vscode-oss/extensions/ms-python.python-2018.11.0/out/client/extension.js:83:93433)
	at <anonymous>
[2019-01-09 11:34:37.082] [renderer1] [error] Cannot read property 'map' of undefined: TypeError: Cannot read property 'map' of undefined
	at asCompletionResult (/home/aaron/.vscode-oss/extensions/ms-python.python-2018.11.0/out/client/extension.js:83:93433)
	at <anonymous>
[2019-01-09 11:34:44.232] [renderer1] [error] Cannot read property 'map' of undefined: TypeError: Cannot read property 'map' of undefined
	at asCompletionResult (/home/aaron/.vscode-oss/extensions/ms-python.python-2018.11.0/out/client/extension.js:83:93433)
	at <anonymous>
[2019-01-09 11:34:46.701] [renderer1] [error] Cannot read property 'map' of undefined: TypeError: Cannot read property 'map' of undefined
	at asCompletionResult (/home/aaron/.vscode-oss/extensions/ms-python.python-2018.11.0/out/client/extension.js:83:93433)
	at <anonymous>
[2019-01-09 11:34:49.361] [renderer1] [error] Cannot read property 'map' of undefined: TypeError: Cannot read property 'map' of undefined
	at asCompletionResult (/home/aaron/.vscode-oss/extensions/ms-python.python-2018.11.0/out/client/extension.js:83:93433)
	at <anonymous>
[2019-01-09 11:34:50.373] [renderer1] [error] Cannot read property 'map' of undefined: TypeError: Cannot read property 'map' of undefined
	at asCompletionResult (/home/aaron/.vscode-oss/extensions/ms-python.python-2018.11.0/out/client/extension.js:83:93433)
	at <anonymous>
[2019-01-09 11:34:58.460] [renderer1] [error] Cannot read property 'map' of undefined: TypeError: Cannot read property 'map' of undefined
	at asCompletionResult (/home/aaron/.vscode-oss/extensions/ms-python.python-2018.11.0/out/client/extension.js:83:93433)
	at <anonymous>
[2019-01-09 11:35:00.092] [renderer1] [error] Cannot read property 'map' of undefined: TypeError: Cannot read property 'map' of undefined
	at asCompletionResult (/home/aaron/.vscode-oss/extensions/ms-python.python-2018.11.0/out/client/extension.js:83:93433)
	at <anonymous>
[2019-01-09 11:37:28.106] [renderer1] [error] Cannot read property 'map' of undefined: TypeError: Cannot read property 'map' of undefined
	at asCompletionResult (/home/aaron/.vscode-oss/extensions/ms-python.python-2018.11.0/out/client/extension.js:83:93433)
	at <anonymous>
