[2019-01-09 10:23:49.953] [sharedprocess] [info] main {"machineId":"1bba790a473010e77512c8d683c7c6ef766c7f14ff5893ea3f1e0aad9df661dd"}
[2019-01-09 10:23:50.338] [sharedprocess] [info] Scanned user extensions: 7
[2019-01-09 10:23:50.792] [sharedprocess] [info] Scanned system extensions: 71
[2019-01-09 10:23:53.586] [sharedprocess] [info] Scanned user extensions: 7
[2019-01-09 10:23:53.620] [sharedprocess] [info] Scanned system extensions: 71
[2019-01-09 10:23:54.009] [sharedprocess] [info] Scanned user extensions: 7
[2019-01-09 10:23:56.912] [sharedprocess] [info] Installing extension: python
[2019-01-09 10:23:56.914] [sharedprocess] [info] Installing extension: vscodeintellicode
[2019-01-09 10:23:56.944] [sharedprocess] [info] Scanned user extensions: 7
[2019-01-09 10:23:56.963] [sharedprocess] [info] Scanned user extensions: 7
[2019-01-09 10:24:18.988] [sharedprocess] [info] Downloaded extension: vscodeintellicode /tmp/6246e238-a3a2-46f1-bab7-e5c2c7d1ed3c
[2019-01-09 10:24:21.116] [sharedprocess] [info] Extracted extension to /home/aaron/.vscode-oss/extensions/.visualstudioexptteam.vscodeintellicode-1.1.2: visualstudioexptteam.vscodeintellicode-1.1.2
[2019-01-09 10:24:21.117] [sharedprocess] [info] Renamed to /home/aaron/.vscode-oss/extensions/visualstudioexptteam.vscodeintellicode-1.1.2
[2019-01-09 10:24:21.117] [sharedprocess] [info] Installation completed. visualstudioexptteam.vscodeintellicode-1.1.2
[2019-01-09 10:24:21.261] [sharedprocess] [info] Extensions installed successfully: visualstudioexptteam.vscodeintellicode
[2019-01-09 10:24:29.956] [sharedprocess] [info] Starting to clean up unused language packs.
[2019-01-09 10:24:53.729] [sharedprocess] [info] Downloaded extension: python /tmp/3edd1c96-61b1-43a6-8050-59f628bbaae9
[2019-01-09 10:24:55.036] [sharedprocess] [info] Extracted extension to /home/aaron/.vscode-oss/extensions/.ms-python.python-2018.12.1: ms-python.python-2018.12.1
[2019-01-09 10:24:55.036] [sharedprocess] [info] Renamed to /home/aaron/.vscode-oss/extensions/ms-python.python-2018.12.1
[2019-01-09 10:24:55.041] [sharedprocess] [info] Installation completed. ms-python.python-2018.12.1
[2019-01-09 10:24:55.169] [sharedprocess] [info] Extensions installed successfully: ms-python.python
[2019-01-09 10:24:59.640] [sharedprocess] [info] Scanned user extensions: 7
[2019-01-09 10:24:59.646] [sharedprocess] [info] Scanned user extensions: 7
[2019-01-09 10:24:59.652] [sharedprocess] [info] Scanned user extensions: 7
[2019-01-09 10:24:59.657] [sharedprocess] [info] Scanned user extensions: 7
[2019-01-09 10:24:59.706] [sharedprocess] [info] Scanned system extensions: 71
[2019-01-09 10:24:59.709] [sharedprocess] [info] Scanned system extensions: 71
[2019-01-09 10:24:59.714] [sharedprocess] [info] Scanned system extensions: 71
[2019-01-09 10:28:54.045] [sharedprocess] [info] Scanned user extensions: 7
[2019-01-09 10:33:54.085] [sharedprocess] [info] Scanned user extensions: 7
[2019-01-09 10:38:54.124] [sharedprocess] [info] Scanned user extensions: 7
[2019-01-09 10:43:54.151] [sharedprocess] [info] Scanned user extensions: 7
[2019-01-09 10:48:54.179] [sharedprocess] [info] Scanned user extensions: 7
[2019-01-09 10:53:54.203] [sharedprocess] [info] Scanned user extensions: 7
[2019-01-09 10:58:54.283] [sharedprocess] [info] Scanned user extensions: 7
[2019-01-09 11:03:54.332] [sharedprocess] [info] Scanned user extensions: 7
[2019-01-09 11:08:54.378] [sharedprocess] [info] Scanned user extensions: 7
[2019-01-09 11:10:09.683] [sharedprocess] [info] Scanned user extensions: 7
[2019-01-09 11:10:09.684] [sharedprocess] [info] Scanned user extensions: 7
[2019-01-09 11:10:09.688] [sharedprocess] [info] Scanned user extensions: 7
[2019-01-09 11:10:09.740] [sharedprocess] [info] Scanned system extensions: 71
[2019-01-09 11:10:09.743] [sharedprocess] [info] Scanned system extensions: 71
[2019-01-09 11:10:09.748] [sharedprocess] [info] Scanned system extensions: 71
[2019-01-09 11:13:54.406] [sharedprocess] [info] Scanned user extensions: 7
[2019-01-09 11:18:54.434] [sharedprocess] [info] Scanned user extensions: 7
[2019-01-09 11:23:54.464] [sharedprocess] [info] Scanned user extensions: 7
[2019-01-09 11:28:54.501] [sharedprocess] [info] Scanned user extensions: 7
[2019-01-09 11:33:54.525] [sharedprocess] [info] Scanned user extensions: 7
[2019-01-09 11:38:54.547] [sharedprocess] [info] Scanned user extensions: 7
