[2018-12-09 15:46:40.564] [sharedprocess] [info] main {"machineId":"1bba790a473010e77512c8d683c7c6ef766c7f14ff5893ea3f1e0aad9df661dd"}
[2018-12-09 15:46:40.769] [sharedprocess] [info] Scanned user extensions: 1
[2018-12-09 15:46:41.200] [sharedprocess] [info] Scanned system extensions: 71
[2018-12-09 15:46:42.724] [sharedprocess] [info] Scanned user extensions: 1
[2018-12-09 15:46:42.725] [sharedprocess] [info] Scanned user extensions: 1
[2018-12-09 15:46:42.776] [sharedprocess] [info] Scanned system extensions: 71
[2018-12-09 15:46:42.778] [sharedprocess] [info] Scanned system extensions: 71
[2018-12-09 15:46:42.854] [sharedprocess] [info] Scanned user extensions: 1
[2018-12-09 15:46:45.380] [sharedprocess] [info] Installing extension: python
[2018-12-09 15:46:45.388] [sharedprocess] [info] Scanned user extensions: 1
[2018-12-09 15:46:51.505] [sharedprocess] [info] Downloaded extension: python /tmp/13b73293-65a9-45e7-ae21-1d11edf7fa9c
[2018-12-09 15:46:52.283] [sharedprocess] [info] Extracted extension to /home/aaron/.vscode-oss/extensions/.ms-python.python-2018.11.0: ms-python.python-2018.11.0
[2018-12-09 15:46:52.283] [sharedprocess] [info] Renamed to /home/aaron/.vscode-oss/extensions/ms-python.python-2018.11.0
[2018-12-09 15:46:52.283] [sharedprocess] [info] Installation completed. ms-python.python-2018.11.0
[2018-12-09 15:46:52.375] [sharedprocess] [info] Extensions installed successfully: ms-python.python
[2018-12-09 15:47:13.965] [sharedprocess] [info] Scanned user extensions: 1
[2018-12-09 15:47:14.084] [sharedprocess] [info] Scanned user extensions: 1
[2018-12-09 15:47:14.089] [sharedprocess] [info] Scanned user extensions: 1
[2018-12-09 15:47:14.093] [sharedprocess] [info] Scanned user extensions: 1
[2018-12-09 15:47:14.169] [sharedprocess] [info] Scanned system extensions: 71
[2018-12-09 15:47:14.172] [sharedprocess] [info] Scanned system extensions: 71
[2018-12-09 15:47:14.175] [sharedprocess] [info] Scanned system extensions: 71
[2018-12-09 15:47:20.568] [sharedprocess] [info] Starting to clean up unused language packs.
[2018-12-09 15:47:21.811] [sharedprocess] [info] Scanned user extensions: 1
[2018-12-09 15:47:21.816] [sharedprocess] [info] Scanned user extensions: 1
[2018-12-09 15:47:21.857] [sharedprocess] [info] Scanned user extensions: 1
[2018-12-09 15:47:21.862] [sharedprocess] [info] Scanned user extensions: 1
[2018-12-09 15:47:21.866] [sharedprocess] [info] Scanned user extensions: 1
[2018-12-09 15:47:21.925] [sharedprocess] [info] Scanned system extensions: 71
[2018-12-09 15:47:21.949] [sharedprocess] [info] Scanned system extensions: 71
[2018-12-09 15:47:21.952] [sharedprocess] [info] Scanned system extensions: 71
[2018-12-09 15:47:21.956] [sharedprocess] [info] Scanned system extensions: 71
[2018-12-09 15:47:22.101] [sharedprocess] [info] Scanned user extensions: 1
[2018-12-09 15:47:33.579] [sharedprocess] [info] Scanned user extensions: 1
[2018-12-09 15:47:33.585] [sharedprocess] [info] Scanned user extensions: 1
[2018-12-09 15:47:33.595] [sharedprocess] [info] Scanned user extensions: 1
[2018-12-09 15:47:33.700] [sharedprocess] [info] Scanned system extensions: 71
[2018-12-09 15:47:33.702] [sharedprocess] [info] Scanned system extensions: 71
[2018-12-09 15:47:33.703] [sharedprocess] [info] Scanned system extensions: 71
[2018-12-09 15:47:47.601] [sharedprocess] [info] Scanned user extensions: 1
[2018-12-09 15:47:47.613] [sharedprocess] [info] Scanned user extensions: 1
[2018-12-09 15:47:47.620] [sharedprocess] [info] Scanned user extensions: 1
[2018-12-09 15:47:47.670] [sharedprocess] [info] Scanned system extensions: 71
[2018-12-09 15:47:47.672] [sharedprocess] [info] Scanned system extensions: 71
[2018-12-09 15:47:47.675] [sharedprocess] [info] Scanned system extensions: 71
[2018-12-09 15:49:19.385] [sharedprocess] [info] Installing extension: python-extension-pack
[2018-12-09 15:49:19.401] [sharedprocess] [info] Scanned user extensions: 1
[2018-12-09 15:49:21.192] [sharedprocess] [info] Downloaded extension: python-extension-pack /tmp/4763507d-c85c-4aab-8f31-bb21ef6a5b36
[2018-12-09 15:49:21.321] [sharedprocess] [info] Extracted extension to /home/aaron/.vscode-oss/extensions/.donjayamanne.python-extension-pack-1.4.0: donjayamanne.python-extension-pack-1.4.0
[2018-12-09 15:49:21.322] [sharedprocess] [info] Renamed to /home/aaron/.vscode-oss/extensions/donjayamanne.python-extension-pack-1.4.0
[2018-12-09 15:49:21.323] [sharedprocess] [info] Installation completed. donjayamanne.python-extension-pack-1.4.0
[2018-12-09 15:49:21.464] [sharedprocess] [info] Scanned user extensions: 2
[2018-12-09 15:49:21.589] [sharedprocess] [info] Scanned system extensions: 71
[2018-12-09 15:49:21.983] [sharedprocess] [info] Installing extension: MagicPython
[2018-12-09 15:49:21.984] [sharedprocess] [info] Installing extension: jupyter
[2018-12-09 15:49:21.985] [sharedprocess] [info] Installing extension: jinja
[2018-12-09 15:49:21.986] [sharedprocess] [info] Installing extension: vscodeintellicode
[2018-12-09 15:49:21.987] [sharedprocess] [info] Installing extension: vscode-django
[2018-12-09 15:49:22.035] [sharedprocess] [info] Scanned user extensions: 2
[2018-12-09 15:49:22.053] [sharedprocess] [info] Scanned user extensions: 2
[2018-12-09 15:49:22.065] [sharedprocess] [info] Scanned user extensions: 2
[2018-12-09 15:49:22.100] [sharedprocess] [info] Scanned user extensions: 2
[2018-12-09 15:49:22.107] [sharedprocess] [info] Scanned user extensions: 2
[2018-12-09 15:49:24.602] [sharedprocess] [info] Downloaded extension: MagicPython /tmp/b77c0134-b77f-4e46-bea9-32f5965461b8
[2018-12-09 15:49:25.445] [sharedprocess] [info] Extracted extension to /home/aaron/.vscode-oss/extensions/.magicstack.magicpython-1.1.0: magicstack.magicpython-1.1.0
[2018-12-09 15:49:25.446] [sharedprocess] [info] Renamed to /home/aaron/.vscode-oss/extensions/magicstack.magicpython-1.1.0
[2018-12-09 15:49:25.446] [sharedprocess] [info] Installation completed. magicstack.magicpython-1.1.0
[2018-12-09 15:49:25.522] [sharedprocess] [info] Extensions installed successfully: magicstack.magicpython
[2018-12-09 15:49:25.628] [sharedprocess] [info] Downloaded extension: jinja /tmp/3a36ed41-948c-4a01-b9ba-2b1e800d206d
[2018-12-09 15:49:25.706] [sharedprocess] [info] Scanned user extensions: 3
[2018-12-09 15:49:25.870] [sharedprocess] [info] Scanned system extensions: 71
[2018-12-09 15:49:25.944] [sharedprocess] [info] Extracted extension to /home/aaron/.vscode-oss/extensions/.wholroyd.jinja-0.0.8: wholroyd.jinja-0.0.8
[2018-12-09 15:49:25.945] [sharedprocess] [info] Renamed to /home/aaron/.vscode-oss/extensions/wholroyd.jinja-0.0.8
[2018-12-09 15:49:25.945] [sharedprocess] [info] Installation completed. wholroyd.jinja-0.0.8
[2018-12-09 15:49:26.046] [sharedprocess] [info] Extensions installed successfully: wholroyd.jinja
[2018-12-09 15:49:26.252] [sharedprocess] [info] Scanned user extensions: 4
[2018-12-09 15:49:26.352] [sharedprocess] [info] Scanned system extensions: 71
[2018-12-09 15:49:31.806] [sharedprocess] [info] Downloaded extension: vscodeintellicode /tmp/fc1fe8b9-e252-4412-9f6b-5f2960567b11
[2018-12-09 15:49:33.688] [sharedprocess] [info] Downloaded extension: jupyter /tmp/2cf8c8c8-282c-4ab9-b37b-7bea36707d2f
[2018-12-09 15:49:36.825] [sharedprocess] [info] Extracted extension to /home/aaron/.vscode-oss/extensions/.visualstudioexptteam.vscodeintellicode-1.1.0: visualstudioexptteam.vscodeintellicode-1.1.0
[2018-12-09 15:49:36.826] [sharedprocess] [info] Renamed to /home/aaron/.vscode-oss/extensions/visualstudioexptteam.vscodeintellicode-1.1.0
[2018-12-09 15:49:36.826] [sharedprocess] [info] Installation completed. visualstudioexptteam.vscodeintellicode-1.1.0
[2018-12-09 15:49:36.908] [sharedprocess] [info] Extensions installed successfully: visualstudioexptteam.vscodeintellicode
[2018-12-09 15:49:37.005] [sharedprocess] [info] Extracted extension to /home/aaron/.vscode-oss/extensions/.donjayamanne.jupyter-1.1.4: donjayamanne.jupyter-1.1.4
[2018-12-09 15:49:37.006] [sharedprocess] [info] Renamed to /home/aaron/.vscode-oss/extensions/donjayamanne.jupyter-1.1.4
[2018-12-09 15:49:37.006] [sharedprocess] [info] Installation completed. donjayamanne.jupyter-1.1.4
[2018-12-09 15:49:37.027] [sharedprocess] [info] Scanned user extensions: 6
[2018-12-09 15:49:37.051] [sharedprocess] [info] Scanned system extensions: 71
[2018-12-09 15:49:37.057] [sharedprocess] [info] Extensions installed successfully: donjayamanne.jupyter
[2018-12-09 15:49:37.181] [sharedprocess] [info] Scanned user extensions: 6
[2018-12-09 15:49:37.214] [sharedprocess] [info] Scanned system extensions: 71
[2018-12-09 15:49:38.896] [sharedprocess] [info] Downloaded extension: vscode-django /tmp/45cf999b-84dd-4327-b45d-9fb29fc28c49
[2018-12-09 15:49:44.161] [sharedprocess] [info] Extracted extension to /home/aaron/.vscode-oss/extensions/.batisteo.vscode-django-0.17.0: batisteo.vscode-django-0.17.0
[2018-12-09 15:49:44.161] [sharedprocess] [info] Renamed to /home/aaron/.vscode-oss/extensions/batisteo.vscode-django-0.17.0
[2018-12-09 15:49:44.161] [sharedprocess] [info] Installation completed. batisteo.vscode-django-0.17.0
[2018-12-09 15:49:44.259] [sharedprocess] [info] Extensions installed successfully: batisteo.vscode-django
[2018-12-09 15:49:44.260] [sharedprocess] [info] Extensions installed successfully: donjayamanne.python-extension-pack
[2018-12-09 15:49:44.432] [sharedprocess] [info] Scanned user extensions: 7
[2018-12-09 15:49:44.433] [sharedprocess] [info] Scanned user extensions: 7
[2018-12-09 15:49:44.517] [sharedprocess] [info] Scanned system extensions: 71
[2018-12-09 15:49:44.520] [sharedprocess] [info] Scanned system extensions: 71
[2018-12-09 15:50:04.237] [sharedprocess] [info] Scanned user extensions: 7
[2018-12-09 15:50:04.242] [sharedprocess] [info] Scanned user extensions: 7
[2018-12-09 15:50:04.281] [sharedprocess] [info] Scanned system extensions: 71
[2018-12-09 15:50:04.395] [sharedprocess] [info] Scanned user extensions: 7
[2018-12-09 15:50:04.403] [sharedprocess] [info] Scanned user extensions: 7
[2018-12-09 15:50:04.411] [sharedprocess] [info] Scanned user extensions: 7
[2018-12-09 15:50:04.479] [sharedprocess] [info] Scanned system extensions: 71
[2018-12-09 15:50:04.483] [sharedprocess] [info] Scanned system extensions: 71
[2018-12-09 15:50:04.487] [sharedprocess] [info] Scanned system extensions: 71
[2018-12-09 15:50:04.528] [sharedprocess] [info] Scanned user extensions: 7
[2018-12-09 15:50:57.414] [sharedprocess] [info] Scanned user extensions: 7
[2018-12-09 15:50:57.433] [sharedprocess] [info] Scanned user extensions: 7
[2018-12-09 15:50:57.509] [sharedprocess] [info] Scanned system extensions: 71
[2018-12-09 15:50:57.514] [sharedprocess] [info] Scanned system extensions: 71
[2018-12-09 15:50:57.810] [sharedprocess] [info] Scanned user extensions: 7
[2018-12-09 15:51:53.282] [sharedprocess] [info] Scanned user extensions: 7
[2018-12-09 15:51:53.314] [sharedprocess] [info] Scanned system extensions: 71
[2018-12-09 15:51:53.854] [sharedprocess] [info] Scanned user extensions: 7
[2018-12-09 15:52:07.786] [sharedprocess] [info] Scanned user extensions: 7
