Starting Microsoft Python language server.
##########Linting Output - pylint##########

-------------------------------------------------------------------
Your code has been rated at 10.00/10 (previous run: 8.28/10, +1.72)

Downloading https://pvsc.azureedge.net/python-language-server-stable/Python-Language-Server-linux-x64.0.1.75.nupkg... ##########Linting Output - pylint##########
************* Module linearAlgebra
4,0,error,E0001:invalid syntax (<unknown>, line 4)
##########Linting Output - pylint##########
************* Module linearAlgebra
4,3,error,E1136:Value 'list' is unsubscriptable

-------------------------------------------------------------------
Your code has been rated at 8.21/10 (previous run: 10.00/10, -1.79)

##########Linting Output - pylint##########
************* Module linearAlgebra
4,3,error,E1136:Value 'list' is unsubscriptable

------------------------------------------------------------------
Your code has been rated at 8.21/10 (previous run: 8.21/10, +0.00)

##########Linting Output - pylint##########
************* Module linearAlgebra
5,0,error,E0001:invalid syntax (<unknown>, line 5)
##########Linting Output - pylint##########
************* Module linearAlgebra
5,0,error,E0001:invalid syntax (<unknown>, line 5)
##########Linting Output - pylint##########
************* Module linearAlgebra
4,3,error,E1136:Value 'list' is unsubscriptable

------------------------------------------------------------------
Your code has been rated at 8.21/10 (previous run: 8.21/10, +0.00)

##########Linting Output - pylint##########

-------------------------------------------------------------------
Your code has been rated at 10.00/10 (previous run: 8.21/10, +1.79)

##########Linting Output - pylint##########
************* Module linearAlgebra
5,0,error,E0001:invalid syntax (<unknown>, line 5)
##########Linting Output - pylint##########
************* Module linearAlgebra
5,0,error,E0001:invalid syntax (<unknown>, line 5)
complete.
Unpacking archive... ##########Linting Output - pylint##########

--------------------------------------------------------------------
Your code has been rated at 10.00/10 (previous run: 10.00/10, +0.00)

##########Linting Output - pylint##########
************* Module linearAlgebra
5,0,error,E0001:invalid syntax (<unknown>, line 5)
done.
##########Linting Output - pylint##########

--------------------------------------------------------------------
Your code has been rated at 10.00/10 (previous run: 10.00/10, +0.00)

Microsoft Python Language Server version 0.1.75.0
Initializing for /usr/bin/python
##########Linting Output - pylint##########
************* Module linearAlgebra
5,0,error,E0001:invalid syntax (<unknown>, line 5)
##########Linting Output - pylint##########

--------------------------------------------------------------------
Your code has been rated at 10.00/10 (previous run: 10.00/10, +0.00)

##########Linting Output - pylint##########
************* Module linearAlgebra
5,0,error,E0001:invalid syntax (<unknown>, line 5)
##########Linting Output - pylint##########

--------------------------------------------------------------------
Your code has been rated at 10.00/10 (previous run: 10.00/10, +0.00)

##########Linting Output - pylint##########

--------------------------------------------------------------------
Your code has been rated at 10.00/10 (previous run: 10.00/10, +0.00)

##########Linting Output - pylint##########
************* Module linearAlgebra
5,0,error,E0001:invalid syntax (<unknown>, line 5)
##########Linting Output - pylint##########

--------------------------------------------------------------------
Your code has been rated at 10.00/10 (previous run: 10.00/10, +0.00)

##########Linting Output - pylint##########
************* Module linearAlgebra
5,0,error,E0001:invalid syntax (<unknown>, line 5)
##########Linting Output - pylint##########
************* Module linearAlgebra
5,0,error,E0001:invalid syntax (<unknown>, line 5)
##########Linting Output - pylint##########

--------------------------------------------------------------------
Your code has been rated at 10.00/10 (previous run: 10.00/10, +0.00)

##########Linting Output - pylint##########
##########Linting Output - pylint##########
************* Module linearAlgebra
6,0,error,E0001:invalid syntax (<unknown>, line 6)
##########Linting Output - pylint##########

--------------------------------------------------------------------
Your code has been rated at 10.00/10 (previous run: 10.00/10, +0.00)

##########Linting Output - pylint##########
************* Module linearAlgebra
6,0,error,E0001:invalid syntax (<unknown>, line 6)
##########Linting Output - pylint##########

--------------------------------------------------------------------
Your code has been rated at 10.00/10 (previous run: 10.00/10, +0.00)

##########Linting Output - pylint##########

--------------------------------------------------------------------
Your code has been rated at 10.00/10 (previous run: 10.00/10, +0.00)

##########Linting Output - pylint##########

--------------------------------------------------------------------
Your code has been rated at 10.00/10 (previous run: 10.00/10, +0.00)

##########Linting Output - pylint##########
************* Module linearAlgebra
6,0,error,E0001:invalid syntax (<unknown>, line 6)
##########Linting Output - pylint##########
************* Module linearAlgebra
6,0,error,E0001:invalid syntax (<unknown>, line 6)
##########Linting Output - pylint##########
************* Module linearAlgebra
6,0,error,E0001:invalid syntax (<unknown>, line 6)
##########Linting Output - pylint##########

--------------------------------------------------------------------
Your code has been rated at 10.00/10 (previous run: 10.00/10, +0.00)

##########Linting Output - pylint##########
************* Module linearAlgebra
6,0,error,E0001:invalid syntax (<unknown>, line 6)
##########Linting Output - pylint##########

--------------------------------------------------------------------
Your code has been rated at 10.00/10 (previous run: 10.00/10, +0.00)

##########Linting Output - pylint##########

--------------------------------------------------------------------
Your code has been rated at 10.00/10 (previous run: 10.00/10, +0.00)

##########Linting Output - pylint##########
************* Module linearAlgebra
6,0,error,E0001:invalid syntax (<unknown>, line 6)
##########Linting Output - pylint##########

--------------------------------------------------------------------
Your code has been rated at 10.00/10 (previous run: 10.00/10, +0.00)

##########Linting Output - pylint##########
************* Module linearAlgebra
6,0,error,E0001:invalid syntax (<unknown>, line 6)
##########Linting Output - pylint##########

--------------------------------------------------------------------
Your code has been rated at 10.00/10 (previous run: 10.00/10, +0.00)

##########Linting Output - pylint##########
************* Module linearAlgebra
6,0,error,E0001:invalid syntax (<unknown>, line 6)
##########Linting Output - pylint##########

--------------------------------------------------------------------
Your code has been rated at 10.00/10 (previous run: 10.00/10, +0.00)

##########Linting Output - pylint##########
************* Module linearAlgebra
6,0,error,E0001:invalid syntax (<unknown>, line 6)
##########Linting Output - pylint##########
************* Module linearAlgebra
6,0,error,E1101:Instance of 'list' has no 'i' member

-------------------------------------------------------------------
Your code has been rated at 8.33/10 (previous run: 10.00/10, -1.67)

##########Linting Output - pylint##########

-------------------------------------------------------------------
Your code has been rated at 10.00/10 (previous run: 8.33/10, +1.67)

