Starting Jedi Python language engine.
##########Linting Output - pylint##########
************* Module captureManager
36,8,warning,W0612:Unused variable 'frame'
42,8,warning,W0612:Unused variable 'isWritingImage'
46,8,warning,W0612:Unused variable 'isWritingVideo'
85,8,error,E1101:Module 'cv2' has no 'imwrite' member

-----------------------------------
Your code has been rated at 8.57/10

##########Linting Output - pylint##########
************* Module captureManager
36,8,warning,W0612:Unused variable 'frame'
42,8,warning,W0612:Unused variable 'isWritingImage'
46,8,warning,W0612:Unused variable 'isWritingVideo'
85,8,error,E1101:Module 'cv2' has no 'imwrite' member

------------------------------------------------------------------
Your code has been rated at 8.57/10 (previous run: 8.57/10, +0.00)

##########Linting Output - pylint##########
##########Linting Output - pylint##########
************* Module captureManager
36,8,warning,W0612:Unused variable 'frame'
42,8,warning,W0612:Unused variable 'isWritingImage'
46,8,warning,W0612:Unused variable 'isWritingVideo'
85,8,error,E1101:Module 'cv2' has no 'imwrite' member
97,47,error,E1101:Module 'cv2' has no 'VideoWriter' member

------------------------------------------------------------------
Your code has been rated at 7.87/10 (previous run: 8.57/10, -0.70)

##########Linting Output - pylint##########
************* Module captureManager
98,0,error,E0001:unexpected indent (<unknown>, line 98)
##########Linting Output - pylint##########
************* Module captureManager
97,0,error,E0001:invalid syntax (<unknown>, line 97)
##########Linting Output - pylint##########
************* Module captureManager
98,0,error,E0001:unexpected indent (<unknown>, line 98)
##########Linting Output - pylint##########
************* Module captureManager
98,0,error,E0001:unexpected indent (<unknown>, line 98)
##########Linting Output - pylint##########
************* Module captureManager
98,0,error,E0001:unexpected indent (<unknown>, line 98)
##########Linting Output - pylint##########
************* Module captureManager
98,0,error,E0001:unexpected indent (<unknown>, line 98)
##########Linting Output - pylint##########
************* Module captureManager
98,0,error,E0001:unexpected indent (<unknown>, line 98)
